SF:lib/models/assignment.dart
DA:14,0
DA:15,0
LF:2
LH:0
end_of_record
SF:lib/models/assignment.g.dart
DA:9,0
DA:10,0
DA:11,0
DA:12,0
DA:13,0
DA:16,0
DA:17,0
DA:18,0
DA:19,0
DA:20,0
DA:21,0
LF:11
LH:0
end_of_record
SF:lib/services/assignment/assignment_business_rules.dart
DA:7,2
DA:8,4
DA:12,1
DA:16,1
DA:17,1
DA:22,2
DA:26,2
DA:27,2
DA:32,1
DA:37,1
DA:41,1
DA:43,1
DA:44,1
DA:51,1
DA:56,1
DA:57,5
DA:62,1
DA:67,4
DA:68,4
DA:72,1
DA:77,4
DA:78,4
LF:22
LH:22
end_of_record
SF:lib/models/container_dao.dart
DA:23,0
DA:24,0
DA:25,0
DA:26,0
DA:27,0
DA:28,0
DA:29,0
DA:30,0
DA:31,0
DA:32,0
DA:33,0
DA:35,0
DA:36,0
LF:13
LH:0
end_of_record
SF:lib/models/container_dao.g.dart
DA:9,0
DA:10,0
DA:11,0
DA:12,0
DA:13,0
DA:14,0
DA:15,0
DA:16,0
DA:18,0
DA:20,0
DA:21,0
DA:22,0
DA:23,0
DA:26,0
DA:27,0
DA:28,0
DA:29,0
DA:30,0
DA:31,0
DA:32,0
DA:33,0
DA:34,0
DA:35,0
DA:36,0
DA:37,0
LF:25
LH:0
end_of_record
SF:lib/models/rescue_container.dart
DA:13,0
DA:28,0
DA:30,0
DA:35,0
DA:36,0
DA:40,0
DA:41,0
DA:42,0
DA:43,0
DA:44,0
DA:45,0
LF:11
LH:0
end_of_record
SF:lib/models/container_type.dart
DA:19,0
DA:20,0
LF:2
LH:0
end_of_record
SF:lib/models/container_type.g.dart
DA:9,0
DA:10,0
DA:11,0
DA:12,0
DA:13,0
DA:14,0
DA:15,0
DA:18,0
DA:19,0
DA:20,0
DA:21,0
DA:22,0
DA:23,0
DA:24,0
LF:14
LH:0
end_of_record
SF:lib/models/current_location.dart
DA:11,0
DA:12,0
LF:2
LH:0
end_of_record
SF:lib/models/current_location.g.dart
DA:9,0
DA:10,0
DA:12,0
DA:13,0
LF:4
LH:0
end_of_record
SF:lib/models/firebase_document.dart
DA:14,0
DA:15,0
LF:2
LH:0
end_of_record
SF:lib/models/firebase_document.g.dart
DA:9,0
DA:10,0
DA:11,0
DA:12,0
DA:13,0
DA:16,0
DA:17,0
DA:18,0
DA:19,0
DA:20,0
LF:10
LH:0
end_of_record
SF:lib/models/item.dart
DA:16,0
DA:41,0
DA:43,0
DA:44,0
DA:46,0
DA:47,0
DA:48,0
DA:49,0
DA:51,0
DA:55,0
DA:57,0
DA:58,0
DA:62,0
DA:64,0
DA:66,0
DA:67,0
DA:72,0
DA:73,0
DA:74,0
DA:75,0
DA:76,0
LF:21
LH:0
end_of_record
SF:lib/models/item.g.dart
DA:9,0
DA:10,0
DA:11,0
DA:12,0
DA:13,0
DA:14,0
DA:15,0
DA:16,0
DA:18,0
DA:19,0
DA:20,0
DA:23,0
DA:25,0
DA:28,0
DA:29,0
DA:30,0
DA:31,0
DA:32,0
DA:33,0
DA:34,0
DA:35,0
DA:36,0
DA:38,0
DA:39,0
DA:40,0
DA:42,0
DA:45,0
DA:46,0
DA:47,0
DA:48,0
DA:49,0
DA:50,0
DA:51,0
DA:52,0
DA:53,0
DA:54,0
DA:55,0
DA:56,0
DA:57,0
DA:58,0
DA:59,0
DA:60,0
DA:61,0
DA:62,0
DA:63,0
DA:64,0
DA:65,0
DA:66,0
DA:67,0
LF:49
LH:0
end_of_record
SF:lib/models/json_converter_timestamp.dart
DA:5,9
DA:7,0
DA:9,0
DA:12,0
DA:13,0
LF:5
LH:1
end_of_record
SF:lib/models/json_converter_string.dart
DA:4,6
DA:9,0
DA:11,0
DA:14,0
DA:17,0
LF:5
LH:1
end_of_record
SF:lib/models/sign.dart
DA:23,0
LF:1
LH:0
end_of_record
SF:lib/models/sign.g.dart
DA:9,0
DA:10,0
DA:11,0
DA:12,0
DA:13,0
DA:14,0
DA:16,0
DA:17,0
DA:18,0
DA:20,0
DA:21,0
DA:22,0
DA:23,0
DA:25,0
DA:26,0
DA:27,0
DA:31,0
DA:32,0
DA:33,0
DA:34,0
DA:35,0
DA:36,0
DA:37,0
DA:38,0
DA:39,0
DA:40,0
DA:41,0
DA:42,0
LF:28
LH:0
end_of_record
SF:lib/models/module_destination.dart
DA:14,0
DA:15,0
LF:2
LH:0
end_of_record
SF:lib/models/module_destination.g.dart
DA:9,0
DA:10,0
DA:12,0
DA:13,0
LF:4
LH:0
end_of_record
SF:lib/repositories/impl/mock/mock_assignment_repository.dart
DA:14,0
DA:15,0
DA:18,0
DA:20,0
DA:47,0
DA:48,0
DA:51,0
DA:54,0
DA:55,0
DA:58,0
DA:60,0
DA:61,0
DA:62,0
DA:63,0
DA:64,0
DA:67,0
DA:70,0
DA:71,0
DA:74,0
DA:76,0
DA:77,0
DA:78,0
DA:79,0
DA:82,0
DA:84,0
DA:85,0
DA:86,0
DA:87,0
DA:90,0
DA:92,0
DA:95,0
DA:96,0
DA:97,0
DA:98,0
DA:105,0
DA:107,0
DA:108,0
DA:109,0
DA:112,0
DA:114,0
DA:115,0
DA:116,0
DA:119,0
DA:121,0
DA:123,0
DA:124,0
DA:127,0
DA:130,0
DA:132,0
DA:134,0
DA:135,0
DA:138,0
DA:141,0
DA:143,0
DA:145,0
DA:146,0
DA:148,0
DA:155,0
DA:156,0
DA:157,0
DA:161,0
DA:162,0
DA:163,0
DA:165,0
DA:169,0
DA:172,0
DA:173,0
LF:67
LH:0
end_of_record
SF:lib/models/log_entry.dart
DA:19,0
DA:20,0
LF:2
LH:0
end_of_record
SF:lib/models/log_entry.g.dart
DA:9,0
DA:10,0
DA:11,0
DA:12,0
DA:13,0
DA:14,0
DA:15,0
DA:18,0
DA:19,0
DA:20,0
DA:21,0
DA:22,0
DA:23,0
DA:24,0
LF:14
LH:0
end_of_record
SF:lib/services/assignment/assignment_service.dart
DA:24,1
DA:39,1
DA:45,2
DA:51,1
DA:57,1
DA:64,2
DA:65,1
DA:72,3
DA:77,2
DA:78,1
DA:79,1
DA:85,2
DA:90,1
DA:91,1
DA:95,1
DA:96,1
DA:99,2
DA:108,1
DA:113,1
DA:114,1
DA:118,2
DA:124,2
DA:128,1
DA:129,1
DA:135,2
DA:138,1
DA:139,1
DA:143,1
DA:144,1
DA:147,2
DA:155,1
DA:161,2
DA:164,1
DA:165,1
DA:168,1
DA:169,1
DA:170,1
DA:173,2
DA:180,1
DA:184,3
DA:185,1
DA:189,2
DA:192,3
DA:193,1
DA:194,1
DA:195,2
DA:196,2
DA:197,1
DA:198,1
DA:199,1
DA:201,5
DA:205,2
DA:206,2
LF:53
LH:53
end_of_record
